F:\DR. SANATINEZHAD\C++ TUMOR\TUMOR\TUMOR\RELEASE\GETMOTHERVESSELPOSITION.OBJ
F:\DR. SANATINEZHAD\C++ TUMOR\TUMOR\TUMOR\RELEASE\FORCEMOVEMENTDIRECTION.OBJ
F:\DR. SANATINEZHAD\C++ TUMOR\TUMOR\TUMOR\RELEASE\FIBRONECTINCONSUMPTION.OBJ
F:\DR. SANATINEZHAD\C++ TUMOR\TUMOR\TUMOR\RELEASE\DIRECTIONFINDER.OBJ
F:\DR. SANATINEZHAD\C++ TUMOR\TUMOR\TUMOR\RELEASE\UNENDEDCAPILLARYREMOVER.OBJ
F:\DR. SANATINEZHAD\C++ TUMOR\TUMOR\TUMOR\RELEASE\SPROUTINGOFPARENTVESSEL.OBJ
F:\DR. SANATINEZHAD\C++ TUMOR\TUMOR\TUMOR\RELEASE\MATLABOUTPUT.OBJ
F:\DR. SANATINEZHAD\C++ TUMOR\TUMOR\TUMOR\RELEASE\INITIALSPROUTINGOFPARENTVESSEL.OBJ
F:\DR. SANATINEZHAD\C++ TUMOR\TUMOR\TUMOR\RELEASE\INITIALCONCENTRATIONS.OBJ
F:\DR. SANATINEZHAD\C++ TUMOR\TUMOR\TUMOR\RELEASE\HEMAETOCRITSOLVER.OBJ
F:\DR. SANATINEZHAD\C++ TUMOR\TUMOR\TUMOR\RELEASE\GREETINGS.OBJ
F:\DR. SANATINEZHAD\C++ TUMOR\TUMOR\TUMOR\RELEASE\FLOWDISTRIBUTIONSOLVER.OBJ
F:\DR. SANATINEZHAD\C++ TUMOR\TUMOR\TUMOR\RELEASE\EMPTYCAPILLARYREMOVER.OBJ
F:\DR. SANATINEZHAD\C++ TUMOR\TUMOR\TUMOR\RELEASE\DIRECTIONMODIFIER.OBJ
F:\DR. SANATINEZHAD\C++ TUMOR\TUMOR\TUMOR\RELEASE\CONCATENATEVESSELS.OBJ
F:\DR. SANATINEZHAD\C++ TUMOR\TUMOR\TUMOR\RELEASE\COEFFICIENTSMATRIX.OBJ
F:\DR. SANATINEZHAD\C++ TUMOR\TUMOR\TUMOR\RELEASE\CHANGEPROHIBITEDVESSELS.OBJ
F:\DR. SANATINEZHAD\C++ TUMOR\TUMOR\TUMOR\RELEASE\BRANCHTRACKER.OBJ
F:\DR. SANATINEZHAD\C++ TUMOR\TUMOR\TUMOR\RELEASE\BRANCHING.OBJ
F:\DR. SANATINEZHAD\C++ TUMOR\TUMOR\TUMOR\RELEASE\ADDTOPROHIBITEDVESSELS.OBJ
F:\DR. SANATINEZHAD\C++ TUMOR\TUMOR\TUMOR\RELEASE\VISCOSITYSOLVER.OBJ
F:\DR. SANATINEZHAD\C++ TUMOR\TUMOR\TUMOR\RELEASE\VESSELREMOVER.OBJ
F:\DR. SANATINEZHAD\C++ TUMOR\TUMOR\TUMOR\RELEASE\VESSELADAPTIONSOLVER.OBJ
F:\DR. SANATINEZHAD\C++ TUMOR\TUMOR\TUMOR\RELEASE\CVESSEL.OBJ
F:\DR. SANATINEZHAD\C++ TUMOR\TUMOR\TUMOR\RELEASE\VEGF_CONSUMPTION.OBJ
F:\DR. SANATINEZHAD\C++ TUMOR\TUMOR\TUMOR\RELEASE\VEGF_CHECK.OBJ
F:\DR. SANATINEZHAD\C++ TUMOR\TUMOR\TUMOR\RELEASE\TIPTOSTALKANASTOMOSIS.OBJ
F:\DR. SANATINEZHAD\C++ TUMOR\TUMOR\TUMOR\RELEASE\TIPTOTIPANASTOMOSIS.OBJ
F:\DR. SANATINEZHAD\C++ TUMOR\TUMOR\TUMOR\RELEASE\RANGECALCULATOR.OBJ
F:\DR. SANATINEZHAD\C++ TUMOR\TUMOR\TUMOR\RELEASE\PROXIMITYCHECK.OBJ
F:\DR. SANATINEZHAD\C++ TUMOR\TUMOR\TUMOR\RELEASE\PROBABILITIES.OBJ
F:\DR. SANATINEZHAD\C++ TUMOR\TUMOR\TUMOR\RELEASE\PRINTER.OBJ
F:\DR. SANATINEZHAD\C++ TUMOR\TUMOR\TUMOR\RELEASE\OUTPUTWRITER.OBJ
F:\DR. SANATINEZHAD\C++ TUMOR\TUMOR\TUMOR\RELEASE\CNODE.OBJ
F:\DR. SANATINEZHAD\C++ TUMOR\TUMOR\TUMOR\RELEASE\MOVEMENTPREVENTER.OBJ
F:\DR. SANATINEZHAD\C++ TUMOR\TUMOR\TUMOR\RELEASE\MIGRATIONOFMATUREVESSEL.OBJ
F:\DR. SANATINEZHAD\C++ TUMOR\TUMOR\TUMOR\RELEASE\MIGRATIONOFIMMATUREVESSEL.OBJ
F:\DR. SANATINEZHAD\C++ TUMOR\TUMOR\TUMOR\RELEASE\MIGRATIONOFVESSELS.OBJ
F:\DR. SANATINEZHAD\C++ TUMOR\TUMOR\TUMOR\RELEASE\MAIN.OBJ
F:\DR. SANATINEZHAD\C++ TUMOR\TUMOR\TUMOR\RELEASE\INITIALS.OBJ
F:\DR. SANATINEZHAD\C++ TUMOR\TUMOR\TUMOR\RELEASE\VC110.PDB
F:\DR. SANATINEZHAD\C++ TUMOR\TUMOR\RELEASE\TUMOR.EXE
F:\DR. SANATINEZHAD\C++ TUMOR\TUMOR\RELEASE\TUMOR.PDB
F:\Dr. Sanatinezhad\C++ Tumor\Tumor\Tumor\Release\AddToProhibitedVessels.obj
F:\Dr. Sanatinezhad\C++ Tumor\Tumor\Tumor\Release\Branching.obj
F:\Dr. Sanatinezhad\C++ Tumor\Tumor\Tumor\Release\BranchTracker.obj
F:\Dr. Sanatinezhad\C++ Tumor\Tumor\Tumor\Release\ChangeProhibitedVessels.obj
F:\Dr. Sanatinezhad\C++ Tumor\Tumor\Tumor\Release\cNode.obj
F:\Dr. Sanatinezhad\C++ Tumor\Tumor\Tumor\Release\CoefficientsMatrix.obj
F:\Dr. Sanatinezhad\C++ Tumor\Tumor\Tumor\Release\ConcatenateVessels.obj
F:\Dr. Sanatinezhad\C++ Tumor\Tumor\Tumor\Release\cVessel.obj
F:\Dr. Sanatinezhad\C++ Tumor\Tumor\Tumor\Release\DirectionFinder.obj
F:\Dr. Sanatinezhad\C++ Tumor\Tumor\Tumor\Release\DirectionModifier.obj
F:\Dr. Sanatinezhad\C++ Tumor\Tumor\Tumor\Release\EmptyCapillaryRemover.obj
F:\Dr. Sanatinezhad\C++ Tumor\Tumor\Tumor\Release\FibronectinConsumption.obj
F:\Dr. Sanatinezhad\C++ Tumor\Tumor\Tumor\Release\FlowDistributionSolver.obj
F:\Dr. Sanatinezhad\C++ Tumor\Tumor\Tumor\Release\ForceMovementDirection.obj
F:\Dr. Sanatinezhad\C++ Tumor\Tumor\Tumor\Release\GetMotherVesselPosition.obj
F:\Dr. Sanatinezhad\C++ Tumor\Tumor\Tumor\Release\Greetings.obj
F:\Dr. Sanatinezhad\C++ Tumor\Tumor\Tumor\Release\HemaetocritSolver.obj
F:\Dr. Sanatinezhad\C++ Tumor\Tumor\Tumor\Release\InitialConcentrations.obj
F:\Dr. Sanatinezhad\C++ Tumor\Tumor\Tumor\Release\Initials.obj
F:\Dr. Sanatinezhad\C++ Tumor\Tumor\Tumor\Release\InitialSproutingOfParentVessel.obj
F:\Dr. Sanatinezhad\C++ Tumor\Tumor\Tumor\Release\MAIN.obj
F:\Dr. Sanatinezhad\C++ Tumor\Tumor\Tumor\Release\MatlabOutput.obj
F:\Dr. Sanatinezhad\C++ Tumor\Tumor\Tumor\Release\MigrationOfImmatureVessel.obj
F:\Dr. Sanatinezhad\C++ Tumor\Tumor\Tumor\Release\MigrationOfMatureVessel.obj
F:\Dr. Sanatinezhad\C++ Tumor\Tumor\Tumor\Release\MigrationOfVessels.obj
F:\Dr. Sanatinezhad\C++ Tumor\Tumor\Tumor\Release\MovementPreventer.obj
F:\Dr. Sanatinezhad\C++ Tumor\Tumor\Tumor\Release\OutputWriter.obj
F:\Dr. Sanatinezhad\C++ Tumor\Tumor\Tumor\Release\Printer.obj
F:\Dr. Sanatinezhad\C++ Tumor\Tumor\Tumor\Release\Probabilities.obj
F:\Dr. Sanatinezhad\C++ Tumor\Tumor\Tumor\Release\ProximityCheck.obj
F:\Dr. Sanatinezhad\C++ Tumor\Tumor\Tumor\Release\RangeCalculator.obj
F:\Dr. Sanatinezhad\C++ Tumor\Tumor\Tumor\Release\SproutingOfParentVessel.obj
F:\Dr. Sanatinezhad\C++ Tumor\Tumor\Tumor\Release\TipToStalkAnastomosis.obj
F:\Dr. Sanatinezhad\C++ Tumor\Tumor\Tumor\Release\TipToTipAnastomosis.obj
F:\Dr. Sanatinezhad\C++ Tumor\Tumor\Tumor\Release\UnendedCapillaryRemover.obj
F:\Dr. Sanatinezhad\C++ Tumor\Tumor\Tumor\Release\VEGF_Check.obj
F:\Dr. Sanatinezhad\C++ Tumor\Tumor\Tumor\Release\VEGF_Consumption.obj
F:\Dr. Sanatinezhad\C++ Tumor\Tumor\Tumor\Release\VesselAdaptionSolver.obj
F:\Dr. Sanatinezhad\C++ Tumor\Tumor\Tumor\Release\VesselRemover.obj
F:\Dr. Sanatinezhad\C++ Tumor\Tumor\Tumor\Release\ViscositySolver.obj
F:\Dr. Sanatinezhad\C++ Tumor\Tumor\Tumor\Release\cl.command.1.tlog
F:\Dr. Sanatinezhad\C++ Tumor\Tumor\Tumor\Release\CL.read.1.tlog
F:\Dr. Sanatinezhad\C++ Tumor\Tumor\Tumor\Release\CL.write.1.tlog
F:\Dr. Sanatinezhad\C++ Tumor\Tumor\Tumor\Release\link-cvtres.read.1.tlog
F:\Dr. Sanatinezhad\C++ Tumor\Tumor\Tumor\Release\link-cvtres.write.1.tlog
F:\Dr. Sanatinezhad\C++ Tumor\Tumor\Tumor\Release\link-rc.read.1.tlog
F:\Dr. Sanatinezhad\C++ Tumor\Tumor\Tumor\Release\link-rc.write.1.tlog
F:\Dr. Sanatinezhad\C++ Tumor\Tumor\Tumor\Release\link.command.1.tlog
F:\Dr. Sanatinezhad\C++ Tumor\Tumor\Tumor\Release\link.read.1.tlog
F:\Dr. Sanatinezhad\C++ Tumor\Tumor\Tumor\Release\link.write.1.tlog
F:\Dr. Sanatinezhad\C++ Tumor\Tumor\Tumor\Release\vc110.pdb
F:\Dr. Sanatinezhad\C++ Tumor\Tumor\Release\Tumor.pdb
F:\Dr. Sanatinezhad\C++ Tumor\Tumor\Release\Tumor.exe
