  AddToProhibitedVessels.cpp
  Brancher.cpp
  Branching.cpp
  BranchingPointFinder.cpp
  BranchTracker.cpp
  ChangeProhibitedVessels.cpp
  CoefficientsMatrix.cpp
CoefficientsMatrix.cpp(19): fatal error C1083: Cannot open include file: 'Eigen/IterativeLinearSolvers': No such file or directory
  ConcatenateVessels.cpp
  Concatenators.cpp
  DirectionModifier.cpp
  ECProliferation.cpp
  EmptyCapillaryRemover.cpp
  FlowDistributionSolver.cpp
  Greetings.cpp
  HemaetocritSolver.cpp
  InitialConcentrations.cpp
  InitialSproutingOfParentVessel.cpp
  MatlabOutput.cpp
  MMPiConsumption.cpp
  RemoveLastVessel.cpp
  Compiling...
  RemoveNodeVessel.cpp
  ShearBranching.cpp
  SproutingOfParentVessel.cpp
  UnendedCapillaryRemover.cpp
  DirectionFinder.cpp
  FibronectinConsumption.cpp
  ForceMovementDirection.cpp
  GetMotherVesselPosition.cpp
  Initials.cpp
  MAIN.cpp
  MigrationOfVessels.cpp
  MigrationOfImmatureVessel.cpp
  MigrationOfMatureVessel.cpp
  MovementPreventer.cpp
  cNode.cpp
  OutputWriter.cpp
  Printer.cpp
  Probabilities.cpp
  ProximityCheck.cpp
  RangeCalculator.cpp
  Compiling...
  TipToTipAnastomosis.cpp
  TipToStalkAnastomosis.cpp
  VCounter.cpp
  VEGF_Check.cpp
  VEGF_Consumption.cpp
  cVessel.cpp
  VesselAdaptionSolver.cpp
  VesselRemover.cpp
  ViscositySolver.cpp
